<?xml version="1.0" encoding="UTF-8"?>
<robot generator="Robot 7.0 (Python 3.12.3 on win32)" generated="2025-08-16T16:44:19.724362" rpa="false" schemaversion="5">
<suite id="s1" name="Pepstore" source="D:\STUDY AUTO\Selenium with python\API AUTOMATION\pytestRobot\pepstore.robot">
<kw name="Create Session" owner="RequestsLibrary" type="SETUP">
<msg time="2025-08-16T16:44:19.744554" level="INFO">Creating Session using : alias=mysession, url=https://petstore.swagger.io/v2, headers={},                     cookies={}, auth=None, timeout=None, proxies=None, verify=False,                     debug=0 </msg>
<arg>mysession</arg>
<arg>https://petstore.swagger.io/v2</arg>
<arg>verify=False</arg>
<doc>Create Session: create a HTTP session to a server</doc>
<status status="PASS" start="2025-08-16T16:44:19.744554" elapsed="0.000000"/>
</kw>
<test id="s1-t1" name="Delete Pet By ID" line="34">
<kw name="Set Variable" owner="BuiltIn">
<msg time="2025-08-16T16:44:19.744554" level="INFO">${pet_id} = 999</msg>
<var>${pet_id}</var>
<arg>999</arg>
<doc>Returns the given values which can then be assigned to a variables.</doc>
<status status="PASS" start="2025-08-16T16:44:19.744554" elapsed="0.000000"/>
</kw>
<kw name="DELETE On Session" owner="RequestsLibrary">
<msg time="2025-08-16T16:44:21.007811" level="INFO">DELETE Request : url=https://petstore.swagger.io/v2/pet/999 
 path_url=/v2/pet/999 
 headers={'User-Agent': 'python-requests/2.32.3', 'Accept-Encoding': 'gzip, deflate', 'Accept': '*/*', 'Connection': 'keep-alive', 'Content-Length': '0'} 
 body=None 
 </msg>
<msg time="2025-08-16T16:44:21.007811" level="INFO">DELETE Response : url=https://petstore.swagger.io/v2/pet/999 
 status=200, reason=OK 
 headers={'Date': 'Sat, 16 Aug 2025 11:14:21 GMT', 'Content-Type': 'application/json', 'Transfer-Encoding': 'chunked', 'Connection': 'keep-alive', 'Access-Control-Allow-Origin': '*', 'Access-Control-Allow-Methods': 'GET, POST, DELETE, PUT', 'Access-Control-Allow-Headers': 'Content-Type, api_key, Authorization', 'Server': 'Jetty(9.2.9.v20150224)'} 
 body={"code":200,"type":"unknown","message":"999"} 
 </msg>
<msg time="2025-08-16T16:44:21.007811" level="INFO">${response} = &lt;Response [200]&gt;</msg>
<var>${response}</var>
<arg>mysession</arg>
<arg>/pet/${pet_id}</arg>
<doc>Sends a DELETE request on a previously created HTTP Session.</doc>
<status status="PASS" start="2025-08-16T16:44:19.744554" elapsed="1.263257"/>
</kw>
<kw name="Log To Console" owner="BuiltIn">
<msg time="2025-08-16T16:44:21.007811" level="FAIL">OSError: [WinError 6] The handle is invalid</msg>
<arg>DELETE Status: ${response.status_code}</arg>
<doc>Logs the given message to the console.</doc>
<status status="FAIL" start="2025-08-16T16:44:21.007811" elapsed="0.000000">OSError: [WinError 6] The handle is invalid</status>
</kw>
<kw name="Should Be Equal As Integers" owner="BuiltIn">
<arg>${response.status_code}</arg>
<arg>200</arg>
<doc>Fails if objects are unequal after converting them to integers.</doc>
<status status="NOT RUN" start="2025-08-16T16:44:21.007811" elapsed="0.000000"/>
</kw>
<tag>api</tag>
<tag>regression</tag>
<status status="FAIL" start="2025-08-16T16:44:19.744554" elapsed="1.263257">OSError: [WinError 6] The handle is invalid</status>
</test>
<status status="FAIL" start="2025-08-16T16:44:19.724362" elapsed="1.283449"/>
</suite>
<statistics>
<total>
<stat pass="0" fail="1" skip="0">All Tests</stat>
</total>
<tag>
<stat pass="0" fail="1" skip="0">api</stat>
<stat pass="0" fail="1" skip="0">regression</stat>
</tag>
<suite>
<stat pass="0" fail="1" skip="0" id="s1" name="Pepstore">Pepstore</stat>
</suite>
</statistics>
<errors>
</errors>
</robot>
